2019-10-24 17:23:47 [main] INFO  com.example.restaurant.RestaurantApplication - Starting RestaurantApplication on DESKTOP-NN424I7 with PID 3504 (D:\newFile\ideaWorkspace2\restaurant\target\classes started by talent in D:\newFile\ideaWorkspace2\restaurant)
2019-10-24 17:23:47 [main] INFO  com.example.restaurant.RestaurantApplication - No active profile set, falling back to default profiles: default
2019-10-24 17:23:47 [main] INFO  o.s.d.r.config.RepositoryConfigurationDelegate - Bootstrapping Spring Data repositories in DEFAULT mode.
2019-10-24 17:23:48 [main] INFO  o.s.d.r.config.RepositoryConfigurationDelegate - Finished Spring Data repository scanning in 103ms. Found 6 repository interfaces.
2019-10-24 17:23:48 [main] INFO  o.s.c.s.PostProcessorRegistrationDelegate$BeanPostProcessorChecker - Bean 'org.springframework.transaction.annotation.ProxyTransactionManagementConfiguration' of type [org.springframework.transaction.annotation.ProxyTransactionManagementConfiguration$$EnhancerBySpringCGLIB$$807eb66b] is not eligible for getting processed by all BeanPostProcessors (for example: not eligible for auto-proxying)
2019-10-24 17:23:48 [main] INFO  o.s.boot.web.embedded.tomcat.TomcatWebServer - Tomcat initialized with port(s): 8099 (http)
2019-10-24 17:23:48 [main] INFO  org.apache.coyote.http11.Http11NioProtocol - Initializing ProtocolHandler ["http-nio-8099"]
2019-10-24 17:23:48 [main] INFO  org.apache.catalina.core.StandardService - Starting service [Tomcat]
2019-10-24 17:23:48 [main] INFO  org.apache.catalina.core.StandardEngine - Starting Servlet engine: [Apache Tomcat/9.0.17]
2019-10-24 17:23:48 [main] INFO  o.a.c.core.ContainerBase.[Tomcat].[localhost].[/] - Initializing Spring embedded WebApplicationContext
2019-10-24 17:23:48 [main] INFO  org.springframework.web.context.ContextLoader - Root WebApplicationContext: initialization completed in 1772 ms
2019-10-24 17:23:49 [main] INFO  com.zaxxer.hikari.HikariDataSource - HikariPool-1 - Starting...
2019-10-24 17:23:49 [main] INFO  com.zaxxer.hikari.HikariDataSource - HikariPool-1 - Start completed.
2019-10-24 17:23:49 [main] INFO  org.hibernate.jpa.internal.util.LogHelper - HHH000204: Processing PersistenceUnitInfo [
	name: default
	...]
2019-10-24 17:23:49 [main] INFO  org.hibernate.Version - HHH000412: Hibernate Core {5.3.9.Final}
2019-10-24 17:23:49 [main] INFO  org.hibernate.cfg.Environment - HHH000206: hibernate.properties not found
2019-10-24 17:23:49 [main] INFO  org.hibernate.annotations.common.Version - HCANN000001: Hibernate Commons Annotations {5.0.4.Final}
2019-10-24 17:23:49 [main] INFO  org.hibernate.dialect.Dialect - HHH000400: Using dialect: org.hibernate.dialect.MySQL5Dialect
2019-10-24 17:23:50 [main] INFO  o.s.orm.jpa.LocalContainerEntityManagerFactoryBean - Initialized JPA EntityManagerFactory for persistence unit 'default'
2019-10-24 17:23:50 [main] INFO  o.h.hql.internal.QueryTranslatorFactoryInitiator - HHH000397: Using ASTQueryTranslatorFactory
2019-10-24 17:23:50 [main] INFO  o.s.b.f.a.AutowiredAnnotationBeanPostProcessor - Autowired annotation is not supported on static fields: public static java.lang.String com.example.restaurant.test.EsClient.host
2019-10-24 17:23:50 [main] INFO  o.s.b.f.a.AutowiredAnnotationBeanPostProcessor - Autowired annotation is not supported on static fields: public static int com.example.restaurant.test.EsClient.es_port
2019-10-24 17:23:51 [main] WARN  o.s.b.a.o.j.JpaBaseConfiguration$JpaWebConfiguration$JpaWebMvcConfiguration - spring.jpa.open-in-view is enabled by default. Therefore, database queries may be performed during view rendering. Explicitly configure spring.jpa.open-in-view to disable this warning
2019-10-24 17:23:51 [main] INFO  s.d.s.w.PropertySourcedRequestMappingHandlerMapping - Mapped URL path [/v2/api-docs] onto method [public org.springframework.http.ResponseEntity<springfox.documentation.spring.web.json.Json> springfox.documentation.swagger2.web.Swagger2Controller.getDocumentation(java.lang.String,javax.servlet.http.HttpServletRequest)]
2019-10-24 17:23:51 [main] INFO  o.s.scheduling.concurrent.ThreadPoolTaskExecutor - Initializing ExecutorService 'applicationTaskExecutor'
2019-10-24 17:23:51 [main] INFO  o.s.b.a.web.servlet.WelcomePageHandlerMapping - Adding welcome page template: index
2019-10-24 17:23:52 [main] INFO  s.d.s.web.plugins.DocumentationPluginsBootstrapper - Context refreshed
2019-10-24 17:23:52 [main] INFO  s.d.s.web.plugins.DocumentationPluginsBootstrapper - Found 1 custom documentation plugin(s)
2019-10-24 17:23:52 [main] INFO  s.d.spring.web.scanners.ApiListingReferenceScanner - Scanning for api listing references
2019-10-24 17:23:52 [main] INFO  s.d.s.w.r.operation.CachingOperationNameGenerator - Generating unique operation named: saveUsingPOST_1
2019-10-24 17:23:52 [main] INFO  s.d.s.w.r.operation.CachingOperationNameGenerator - Generating unique operation named: findAllUsingPOST_1
2019-10-24 17:23:52 [main] INFO  s.d.s.w.r.operation.CachingOperationNameGenerator - Generating unique operation named: updateUsingPOST_1
2019-10-24 17:23:52 [main] INFO  s.d.s.w.r.operation.CachingOperationNameGenerator - Generating unique operation named: saveUsingPOST_2
2019-10-24 17:23:52 [main] INFO  s.d.s.w.r.operation.CachingOperationNameGenerator - Generating unique operation named: delUsingPOST_1
2019-10-24 17:23:52 [main] INFO  s.d.s.w.r.operation.CachingOperationNameGenerator - Generating unique operation named: findAllUsingPOST_2
2019-10-24 17:23:52 [main] INFO  s.d.s.w.r.operation.CachingOperationNameGenerator - Generating unique operation named: findAllByPageUsingPOST_1
2019-10-24 17:23:52 [main] INFO  s.d.s.w.r.operation.CachingOperationNameGenerator - Generating unique operation named: findOneUsingPOST_1
2019-10-24 17:23:52 [main] INFO  s.d.s.w.r.operation.CachingOperationNameGenerator - Generating unique operation named: saveUsingPOST_3
2019-10-24 17:23:52 [main] INFO  s.d.s.w.r.operation.CachingOperationNameGenerator - Generating unique operation named: updateUsingPOST_2
2019-10-24 17:23:52 [main] INFO  s.d.s.w.r.operation.CachingOperationNameGenerator - Generating unique operation named: saveUsingGET_1
2019-10-24 17:23:52 [main] INFO  s.d.s.w.r.operation.CachingOperationNameGenerator - Generating unique operation named: saveUsingHEAD_1
2019-10-24 17:23:52 [main] INFO  s.d.s.w.r.operation.CachingOperationNameGenerator - Generating unique operation named: saveUsingPOST_4
2019-10-24 17:23:52 [main] INFO  s.d.s.w.r.operation.CachingOperationNameGenerator - Generating unique operation named: saveUsingPUT_1
2019-10-24 17:23:52 [main] INFO  s.d.s.w.r.operation.CachingOperationNameGenerator - Generating unique operation named: saveUsingPATCH_1
2019-10-24 17:23:52 [main] INFO  s.d.s.w.r.operation.CachingOperationNameGenerator - Generating unique operation named: saveUsingDELETE_1
2019-10-24 17:23:52 [main] INFO  s.d.s.w.r.operation.CachingOperationNameGenerator - Generating unique operation named: saveUsingOPTIONS_1
2019-10-24 17:23:52 [main] INFO  s.d.s.w.r.operation.CachingOperationNameGenerator - Generating unique operation named: saveUsingTRACE_1
2019-10-24 17:23:52 [main] INFO  org.apache.coyote.http11.Http11NioProtocol - Starting ProtocolHandler ["http-nio-8099"]
2019-10-24 17:23:52 [main] INFO  o.s.boot.web.embedded.tomcat.TomcatWebServer - Tomcat started on port(s): 8099 (http) with context path ''
2019-10-24 17:23:52 [main] INFO  com.example.restaurant.RestaurantApplication - Started RestaurantApplication in 5.778 seconds (JVM running for 7.088)
2019-10-24 17:26:21 [http-nio-8099-exec-2] INFO  o.a.c.core.ContainerBase.[Tomcat].[localhost].[/] - Initializing Spring DispatcherServlet 'dispatcherServlet'
2019-10-24 17:26:21 [http-nio-8099-exec-2] INFO  org.springframework.web.servlet.DispatcherServlet - Initializing Servlet 'dispatcherServlet'
2019-10-24 17:26:21 [http-nio-8099-exec-2] INFO  org.springframework.web.servlet.DispatcherServlet - Completed initialization in 12 ms
2019-10-24 17:26:21 [http-nio-8099-exec-2] INFO  com.example.restaurant.controller.TestController - www
2019-10-24 17:26:21 [http-nio-8099-exec-2] ERROR com.example.restaurant.controller.TestController - 22222
2019-10-24 17:26:21 [http-nio-8099-exec-3] INFO  com.example.restaurant.controller.TestController - www
2019-10-24 17:26:21 [http-nio-8099-exec-3] ERROR com.example.restaurant.controller.TestController - 22222
2019-10-24 17:26:22 [http-nio-8099-exec-5] INFO  com.example.restaurant.controller.TestController - www
2019-10-24 17:26:22 [http-nio-8099-exec-5] ERROR com.example.restaurant.controller.TestController - 22222
2019-10-24 17:26:22 [http-nio-8099-exec-7] INFO  com.example.restaurant.controller.TestController - www
2019-10-24 17:26:22 [http-nio-8099-exec-7] ERROR com.example.restaurant.controller.TestController - 22222
2019-10-24 17:26:22 [http-nio-8099-exec-9] INFO  com.example.restaurant.controller.TestController - www
2019-10-24 17:26:22 [http-nio-8099-exec-9] ERROR com.example.restaurant.controller.TestController - 22222
2019-10-24 17:26:22 [http-nio-8099-exec-1] INFO  com.example.restaurant.controller.TestController - www
2019-10-24 17:26:22 [http-nio-8099-exec-1] ERROR com.example.restaurant.controller.TestController - 22222
2019-10-24 17:26:22 [http-nio-8099-exec-5] INFO  com.example.restaurant.controller.TestController - www
2019-10-24 17:26:22 [http-nio-8099-exec-5] ERROR com.example.restaurant.controller.TestController - 22222
2019-10-24 17:26:31 [http-nio-8099-exec-9] INFO  com.example.restaurant.controller.TestController - www
2019-10-24 17:26:31 [http-nio-8099-exec-9] ERROR com.example.restaurant.controller.TestController - 22222
2019-10-24 17:26:32 [http-nio-8099-exec-3] INFO  com.example.restaurant.controller.TestController - www
2019-10-24 17:26:32 [http-nio-8099-exec-3] ERROR com.example.restaurant.controller.TestController - 22222
2019-10-24 17:26:32 [http-nio-8099-exec-1] INFO  com.example.restaurant.controller.TestController - www
2019-10-24 17:26:32 [http-nio-8099-exec-1] ERROR com.example.restaurant.controller.TestController - 22222
2019-10-24 17:26:32 [http-nio-8099-exec-5] INFO  com.example.restaurant.controller.TestController - www
2019-10-24 17:26:32 [http-nio-8099-exec-5] ERROR com.example.restaurant.controller.TestController - 22222
2019-10-24 17:26:32 [http-nio-8099-exec-7] INFO  com.example.restaurant.controller.TestController - www
2019-10-24 17:26:32 [http-nio-8099-exec-7] ERROR com.example.restaurant.controller.TestController - 22222
2019-10-24 17:26:32 [http-nio-8099-exec-9] INFO  com.example.restaurant.controller.TestController - www
2019-10-24 17:26:32 [http-nio-8099-exec-9] ERROR com.example.restaurant.controller.TestController - 22222
2019-10-24 17:26:37 [HikariPool-1 housekeeper] WARN  com.zaxxer.hikari.pool.HikariPool - HikariPool-1 - Thread starvation or clock leap detected (housekeeper delta=47s800ms568µs779ns).
2019-10-24 18:03:12 [HikariPool-1 housekeeper] WARN  com.zaxxer.hikari.pool.HikariPool - HikariPool-1 - Thread starvation or clock leap detected (housekeeper delta=30m4s908ms39µs50ns).
2019-10-24 18:20:05 [HikariPool-1 housekeeper] WARN  com.zaxxer.hikari.pool.HikariPool - HikariPool-1 - Thread starvation or clock leap detected (housekeeper delta=14m53s495ms293µs132ns).
2019-10-25 10:06:47 [HikariPool-1 housekeeper] WARN  com.zaxxer.hikari.pool.HikariPool - HikariPool-1 - Thread starvation or clock leap detected (housekeeper delta=15h38m12s2ms218µs665ns).
2019-10-25 10:18:08 [http-nio-8099-exec-1] INFO  com.example.restaurant.controller.TestController - www
2019-10-25 10:18:08 [http-nio-8099-exec-1] ERROR com.example.restaurant.controller.TestController - 22222
2019-10-25 10:18:08 [http-nio-8099-exec-5] INFO  com.example.restaurant.controller.TestController - www
2019-10-25 10:18:08 [http-nio-8099-exec-5] ERROR com.example.restaurant.controller.TestController - 22222
2019-10-25 10:18:08 [http-nio-8099-exec-7] INFO  com.example.restaurant.controller.TestController - www
2019-10-25 10:18:08 [http-nio-8099-exec-7] ERROR com.example.restaurant.controller.TestController - 22222
2019-10-25 10:18:09 [http-nio-8099-exec-9] INFO  com.example.restaurant.controller.TestController - www
2019-10-25 10:18:09 [http-nio-8099-exec-9] ERROR com.example.restaurant.controller.TestController - 22222
2019-10-25 16:01:46 [HikariPool-1 housekeeper] WARN  com.zaxxer.hikari.pool.HikariPool - HikariPool-1 - Thread starvation or clock leap detected (housekeeper delta=4h28s767ms941µs934ns).
2019-10-28 09:48:38 [HikariPool-1 housekeeper] WARN  com.zaxxer.hikari.pool.HikariPool - HikariPool-1 - Thread starvation or clock leap detected (housekeeper delta=2d17h46m54s268ms826µs857ns).
2019-10-28 13:23:26 [HikariPool-1 housekeeper] WARN  com.zaxxer.hikari.pool.HikariPool - HikariPool-1 - Thread starvation or clock leap detected (housekeeper delta=1h3m15s367ms426µs160ns).
2019-10-28 13:29:56 [HikariPool-1 housekeeper] WARN  com.zaxxer.hikari.pool.HikariPool - HikariPool-1 - Thread starvation or clock leap detected (housekeeper delta=59s771ms654µs341ns).
2019-10-28 13:40:08 [HikariPool-1 housekeeper] WARN  com.zaxxer.hikari.pool.HikariPool - HikariPool-1 - Thread starvation or clock leap detected (housekeeper delta=3m41s627ms591µs280ns).
2019-10-28 14:20:52 [HikariPool-1 housekeeper] WARN  com.zaxxer.hikari.pool.HikariPool - HikariPool-1 - Thread starvation or clock leap detected (housekeeper delta=3m43s916ms238µs428ns).
2019-10-28 14:48:46 [HikariPool-1 housekeeper] WARN  com.zaxxer.hikari.pool.HikariPool - HikariPool-1 - Thread starvation or clock leap detected (housekeeper delta=3m42s997ms108µs925ns).
2019-10-28 14:53:55 [HikariPool-1 housekeeper] WARN  com.zaxxer.hikari.pool.HikariPool - HikariPool-1 - Thread starvation or clock leap detected (housekeeper delta=1m9s327ms51µs629ns).
2019-10-28 15:20:52 [HikariPool-1 housekeeper] WARN  com.zaxxer.hikari.pool.HikariPool - HikariPool-1 - Thread starvation or clock leap detected (housekeeper delta=3m57s184ms103µs233ns).
2019-10-28 15:38:45 [HikariPool-1 housekeeper] WARN  com.zaxxer.hikari.pool.HikariPool - HikariPool-1 - Thread starvation or clock leap detected (housekeeper delta=8m52s785ms365µs99ns).
